Vivado Simulator v2025.1.0
Copyright 1986-2022 Xilinx, Inc. All Rights Reserved.
Copyright 2022-2025 Advanced Micro Devices, Inc. All Rights Reserved.
Running: C:/Xilinx/2025.1/Vivado/bin/unwrapped/win64.o/xelab.exe --incr --debug typical --relax --mt 2 -L xil_defaultlib -L blk_mem_gen_v8_4_11 -L unisims_ver -L unimacro_ver -L secureip -L xpm --snapshot tb_NAT_Inbound_behav xil_defaultlib.tb_NAT_Inbound xil_defaultlib.glbl -log elaborate.log 
Using 2 slave threads.
Starting static elaboration
Pass Through NonSizing Optimizer
Completed static elaboration
Starting simulation data flow analysis
Completed simulation data flow analysis
Time Resolution for simulation is 1ps
Compiling module xil_defaultlib.FIFO_generic_fwft(WIDTH=1,DEPTH=...
Compiling module xil_defaultlib.fifo_wxx_dxx_s
Compiling module xil_defaultlib.FIFO_generic_fwft(WIDTH=17,DEPTH...
Compiling module xil_defaultlib.FIFO_w17_d128_fwft
Compiling module xil_defaultlib.FIFO_generic_fwft(WIDTH=48,DEPTH...
Compiling module xil_defaultlib.FIFO_w48_d128_fwft
Compiling module xil_defaultlib.FIFO_generic_fwft(WIDTH=54,DEPTH...
Compiling module xil_defaultlib.FIFO_w54_d128_fwft
Compiling module xil_defaultlib.FIFO_generic_fwft(WIDTH=22,DEPTH...
Compiling module xil_defaultlib.FIFO_w22_d128_fwft
Compiling module xil_defaultlib.manager
Compiling module xil_defaultlib.FIFO_generic_fwft
Compiling module xil_defaultlib.FIFO_w10_d1024_fwft
Compiling module xil_defaultlib.avail_ppool
Compiling module xil_defaultlib.hash
Compiling module xil_defaultlib.outbound_rw
Compiling module xil_defaultlib.inbound_rw
Compiling module xil_defaultlib.delete
Compiling module xil_defaultlib.RAM_generic_tdp
Compiling module xil_defaultlib.ram_dp_d1024_w96
Compiling module xil_defaultlib.RAM_generic_tdp(WIDTH=16)
Compiling module xil_defaultlib.ram_dp_d1024_w16
Compiling module xil_defaultlib.nat_top
Compiling module xil_defaultlib.NAT_Mgr
Compiling module xil_defaultlib.tb_NAT_Inbound
Compiling module xil_defaultlib.glbl
Built simulation snapshot tb_NAT_Inbound_behav
