Time resolution is 1 ps
=== Simulation Start ===
[Time               100000] Reset Released. Waiting for Initialization...
[Outbound]115000: 0 0 0
[Inbound]115000: 0 0
[Outbound]125000: 1 0 0
[Inbound]125000: 1 0
[Outbound]135000: 2 0 0
[Inbound]135000: 2 0
[Outbound]145000: 3 0 0
[Inbound]145000: 3 0
[Outbound]155000: 4 0 0
[Inbound]155000: 4 0
[Outbound]165000: 5 0 0
[Inbound]165000: 5 0
[Outbound]175000: 6 0 0
[Inbound]175000: 6 0
[Outbound]185000: 7 0 0
[Inbound]185000: 7 0
[Outbound]195000: 8 0 0
[Inbound]195000: 8 0
[Outbound]205000: 9 0 0
[Inbound]205000: 9 0
[Outbound]215000: 10 0 0
[Inbound]215000: 10 0
[Outbound]225000: 11 0 0
[Inbound]225000: 11 0
[Outbound]235000: 12 0 0
[Inbound]235000: 12 0
[Outbound]245000: 13 0 0
[Inbound]245000: 13 0
[Outbound]255000: 14 0 0
[Inbound]255000: 14 0
[Outbound]265000: 15 0 0
[Inbound]265000: 15 0
[Outbound]275000: 16 0 0
[Inbound]275000: 16 0
[Outbound]285000: 17 0 0
[Inbound]285000: 17 0
[Outbound]295000: 18 0 0
[Inbound]295000: 18 0
[Outbound]305000: 19 0 0
[Inbound]305000: 19 0
[Outbound]315000: 20 0 0
[Inbound]315000: 20 0
[Outbound]325000: 21 0 0
[Inbound]325000: 21 0
[Outbound]335000: 22 0 0
[Inbound]335000: 22 0
[Outbound]345000: 23 0 0
[Inbound]345000: 23 0
[Outbound]355000: 24 0 0
[Inbound]355000: 24 0
[Outbound]365000: 25 0 0
[Inbound]365000: 25 0
[Outbound]375000: 26 0 0
[Inbound]375000: 26 0
[Outbound]385000: 27 0 0
[Inbound]385000: 27 0
[Outbound]395000: 28 0 0
[Inbound]395000: 28 0
[Outbound]405000: 29 0 0
[Inbound]405000: 29 0
[Outbound]415000: 30 0 0
[Inbound]415000: 30 0
[Outbound]425000: 31 0 0
[Inbound]425000: 31 0
[Outbound]435000: 32 0 0
[Inbound]435000: 32 0
[Outbound]445000: 33 0 0
[Inbound]445000: 33 0
[Outbound]455000: 34 0 0
[Inbound]455000: 34 0
[Outbound]465000: 35 0 0
[Inbound]465000: 35 0
[Outbound]475000: 36 0 0
[Inbound]475000: 36 0
[Outbound]485000: 37 0 0
[Inbound]485000: 37 0
[Outbound]495000: 38 0 0
[Inbound]495000: 38 0
[Outbound]505000: 39 0 0
[Inbound]505000: 39 0
[Outbound]515000: 40 0 0
[Inbound]515000: 40 0
[Outbound]525000: 41 0 0
[Inbound]525000: 41 0
[Outbound]535000: 42 0 0
[Inbound]535000: 42 0
[Outbound]545000: 43 0 0
[Inbound]545000: 43 0
[Outbound]555000: 44 0 0
[Inbound]555000: 44 0
[Outbound]565000: 45 0 0
[Inbound]565000: 45 0
[Outbound]575000: 46 0 0
[Inbound]575000: 46 0
[Outbound]585000: 47 0 0
[Inbound]585000: 47 0
[Outbound]595000: 48 0 0
[Inbound]595000: 48 0
[Outbound]605000: 49 0 0
[Inbound]605000: 49 0
[Outbound]615000: 50 0 0
[Inbound]615000: 50 0
[Outbound]625000: 51 0 0
[Inbound]625000: 51 0
[Outbound]635000: 52 0 0
[Inbound]635000: 52 0
[Outbound]645000: 53 0 0
[Inbound]645000: 53 0
[Outbound]655000: 54 0 0
[Inbound]655000: 54 0
[Outbound]665000: 55 0 0
[Inbound]665000: 55 0
[Outbound]675000: 56 0 0
[Inbound]675000: 56 0
[Outbound]685000: 57 0 0
[Inbound]685000: 57 0
[Outbound]695000: 58 0 0
[Inbound]695000: 58 0
[Outbound]705000: 59 0 0
[Inbound]705000: 59 0
[Outbound]715000: 60 0 0
[Inbound]715000: 60 0
[Outbound]725000: 61 0 0
[Inbound]725000: 61 0
[Outbound]735000: 62 0 0
[Inbound]735000: 62 0
[Outbound]745000: 63 0 0
[Inbound]745000: 63 0
[Outbound]755000: 64 0 0
[Inbound]755000: 64 0
[Outbound]765000: 65 0 0
[Inbound]765000: 65 0
[Outbound]775000: 66 0 0
[Inbound]775000: 66 0
[Outbound]785000: 67 0 0
[Inbound]785000: 67 0
[Outbound]795000: 68 0 0
[Inbound]795000: 68 0
[Outbound]805000: 69 0 0
[Inbound]805000: 69 0
[Outbound]815000: 70 0 0
[Inbound]815000: 70 0
[Outbound]825000: 71 0 0
[Inbound]825000: 71 0
[Outbound]835000: 72 0 0
[Inbound]835000: 72 0
[Outbound]845000: 73 0 0
[Inbound]845000: 73 0
[Outbound]855000: 74 0 0
[Inbound]855000: 74 0
[Outbound]865000: 75 0 0
[Inbound]865000: 75 0
[Outbound]875000: 76 0 0
[Inbound]875000: 76 0
[Outbound]885000: 77 0 0
[Inbound]885000: 77 0
[Outbound]895000: 78 0 0
[Inbound]895000: 78 0
[Outbound]905000: 79 0 0
[Inbound]905000: 79 0
[Outbound]915000: 80 0 0
[Inbound]915000: 80 0
[Outbound]925000: 81 0 0
[Inbound]925000: 81 0
[Outbound]935000: 82 0 0
[Inbound]935000: 82 0
[Outbound]945000: 83 0 0
[Inbound]945000: 83 0
[Outbound]955000: 84 0 0
[Inbound]955000: 84 0
[Outbound]965000: 85 0 0
[Inbound]965000: 85 0
[Outbound]975000: 86 0 0
[Inbound]975000: 86 0
[Outbound]985000: 87 0 0
[Inbound]985000: 87 0
[Outbound]995000: 88 0 0
[Inbound]995000: 88 0
[Outbound]1005000: 89 0 0
[Inbound]1005000: 89 0
[Outbound]1015000: 90 0 0
[Inbound]1015000: 90 0
[Outbound]1025000: 91 0 0
[Inbound]1025000: 91 0
[Outbound]1035000: 92 0 0
[Inbound]1035000: 92 0
[Outbound]1045000: 93 0 0
[Inbound]1045000: 93 0
[Outbound]1055000: 94 0 0
[Inbound]1055000: 94 0
[Outbound]1065000: 95 0 0
[Inbound]1065000: 95 0
[Outbound]1075000: 96 0 0
[Inbound]1075000: 96 0
[Outbound]1085000: 97 0 0
[Inbound]1085000: 97 0
[Outbound]1095000: 98 0 0
[Inbound]1095000: 98 0
[Outbound]1105000: 99 0 0
[Inbound]1105000: 99 0
[Outbound]1115000: 100 0 0
[Inbound]1115000: 100 0
[Outbound]1125000: 101 0 0
[Inbound]1125000: 101 0
[Outbound]1135000: 102 0 0
[Inbound]1135000: 102 0
[Outbound]1145000: 103 0 0
[Inbound]1145000: 103 0
[Outbound]1155000: 104 0 0
[Inbound]1155000: 104 0
[Outbound]1165000: 105 0 0
[Inbound]1165000: 105 0
[Outbound]1175000: 106 0 0
[Inbound]1175000: 106 0
[Outbound]1185000: 107 0 0
[Inbound]1185000: 107 0
[Outbound]1195000: 108 0 0
[Inbound]1195000: 108 0
[Outbound]1205000: 109 0 0
[Inbound]1205000: 109 0
[Outbound]1215000: 110 0 0
[Inbound]1215000: 110 0
[Outbound]1225000: 111 0 0
[Inbound]1225000: 111 0
[Outbound]1235000: 112 0 0
[Inbound]1235000: 112 0
[Outbound]1245000: 113 0 0
[Inbound]1245000: 113 0
[Outbound]1255000: 114 0 0
[Inbound]1255000: 114 0
[Outbound]1265000: 115 0 0
[Inbound]1265000: 115 0
[Outbound]1275000: 116 0 0
[Inbound]1275000: 116 0
[Outbound]1285000: 117 0 0
[Inbound]1285000: 117 0
[Outbound]1295000: 118 0 0
[Inbound]1295000: 118 0
[Outbound]1305000: 119 0 0
[Inbound]1305000: 119 0
[Outbound]1315000: 120 0 0
[Inbound]1315000: 120 0
[Outbound]1325000: 121 0 0
[Inbound]1325000: 121 0
[Outbound]1335000: 122 0 0
[Inbound]1335000: 122 0
[Outbound]1345000: 123 0 0
[Inbound]1345000: 123 0
[Outbound]1355000: 124 0 0
[Inbound]1355000: 124 0
[Outbound]1365000: 125 0 0
[Inbound]1365000: 125 0
[Outbound]1375000: 126 0 0
[Inbound]1375000: 126 0
[Outbound]1385000: 127 0 0
[Inbound]1385000: 127 0
[Outbound]1395000: 128 0 0
[Inbound]1395000: 128 0
[Outbound]1405000: 129 0 0
[Inbound]1405000: 129 0
[Outbound]1415000: 130 0 0
[Inbound]1415000: 130 0
[Outbound]1425000: 131 0 0
[Inbound]1425000: 131 0
[Outbound]1435000: 132 0 0
[Inbound]1435000: 132 0
[Outbound]1445000: 133 0 0
[Inbound]1445000: 133 0
[Outbound]1455000: 134 0 0
[Inbound]1455000: 134 0
[Outbound]1465000: 135 0 0
[Inbound]1465000: 135 0
[Outbound]1475000: 136 0 0
[Inbound]1475000: 136 0
[Outbound]1485000: 137 0 0
[Inbound]1485000: 137 0
[Outbound]1495000: 138 0 0
[Inbound]1495000: 138 0
[Outbound]1505000: 139 0 0
[Inbound]1505000: 139 0
[Outbound]1515000: 140 0 0
[Inbound]1515000: 140 0
[Outbound]1525000: 141 0 0
[Inbound]1525000: 141 0
[Outbound]1535000: 142 0 0
[Inbound]1535000: 142 0
[Outbound]1545000: 143 0 0
[Inbound]1545000: 143 0
[Outbound]1555000: 144 0 0
[Inbound]1555000: 144 0
[Outbound]1565000: 145 0 0
[Inbound]1565000: 145 0
[Outbound]1575000: 146 0 0
[Inbound]1575000: 146 0
[Outbound]1585000: 147 0 0
[Inbound]1585000: 147 0
[Outbound]1595000: 148 0 0
[Inbound]1595000: 148 0
[Outbound]1605000: 149 0 0
[Inbound]1605000: 149 0
[Outbound]1615000: 150 0 0
[Inbound]1615000: 150 0
[Outbound]1625000: 151 0 0
[Inbound]1625000: 151 0
[Outbound]1635000: 152 0 0
[Inbound]1635000: 152 0
[Outbound]1645000: 153 0 0
[Inbound]1645000: 153 0
[Outbound]1655000: 154 0 0
[Inbound]1655000: 154 0
[Outbound]1665000: 155 0 0
[Inbound]1665000: 155 0
[Outbound]1675000: 156 0 0
[Inbound]1675000: 156 0
[Outbound]1685000: 157 0 0
[Inbound]1685000: 157 0
[Outbound]1695000: 158 0 0
[Inbound]1695000: 158 0
[Outbound]1705000: 159 0 0
[Inbound]1705000: 159 0
[Outbound]1715000: 160 0 0
[Inbound]1715000: 160 0
[Outbound]1725000: 161 0 0
[Inbound]1725000: 161 0
[Outbound]1735000: 162 0 0
[Inbound]1735000: 162 0
[Outbound]1745000: 163 0 0
[Inbound]1745000: 163 0
[Outbound]1755000: 164 0 0
[Inbound]1755000: 164 0
[Outbound]1765000: 165 0 0
[Inbound]1765000: 165 0
[Outbound]1775000: 166 0 0
[Inbound]1775000: 166 0
[Outbound]1785000: 167 0 0
[Inbound]1785000: 167 0
[Outbound]1795000: 168 0 0
[Inbound]1795000: 168 0
[Outbound]1805000: 169 0 0
[Inbound]1805000: 169 0
[Outbound]1815000: 170 0 0
[Inbound]1815000: 170 0
[Outbound]1825000: 171 0 0
[Inbound]1825000: 171 0
[Outbound]1835000: 172 0 0
[Inbound]1835000: 172 0
[Outbound]1845000: 173 0 0
[Inbound]1845000: 173 0
[Outbound]1855000: 174 0 0
[Inbound]1855000: 174 0
[Outbound]1865000: 175 0 0
[Inbound]1865000: 175 0
[Outbound]1875000: 176 0 0
[Inbound]1875000: 176 0
[Outbound]1885000: 177 0 0
[Inbound]1885000: 177 0
[Outbound]1895000: 178 0 0
[Inbound]1895000: 178 0
[Outbound]1905000: 179 0 0
[Inbound]1905000: 179 0
[Outbound]1915000: 180 0 0
[Inbound]1915000: 180 0
[Outbound]1925000: 181 0 0
[Inbound]1925000: 181 0
[Outbound]1935000: 182 0 0
[Inbound]1935000: 182 0
[Outbound]1945000: 183 0 0
[Inbound]1945000: 183 0
[Outbound]1955000: 184 0 0
[Inbound]1955000: 184 0
[Outbound]1965000: 185 0 0
[Inbound]1965000: 185 0
[Outbound]1975000: 186 0 0
[Inbound]1975000: 186 0
[Outbound]1985000: 187 0 0
[Inbound]1985000: 187 0
[Outbound]1995000: 188 0 0
[Inbound]1995000: 188 0
[Outbound]2005000: 189 0 0
[Inbound]2005000: 189 0
[Outbound]2015000: 190 0 0
[Inbound]2015000: 190 0
[Outbound]2025000: 191 0 0
[Inbound]2025000: 191 0
[Outbound]2035000: 192 0 0
[Inbound]2035000: 192 0
[Outbound]2045000: 193 0 0
[Inbound]2045000: 193 0
[Outbound]2055000: 194 0 0
[Inbound]2055000: 194 0
[Outbound]2065000: 195 0 0
[Inbound]2065000: 195 0
[Outbound]2075000: 196 0 0
[Inbound]2075000: 196 0
[Outbound]2085000: 197 0 0
[Inbound]2085000: 197 0
[Outbound]2095000: 198 0 0
[Inbound]2095000: 198 0
[Outbound]2105000: 199 0 0
[Inbound]2105000: 199 0
[Outbound]2115000: 200 0 0
[Inbound]2115000: 200 0
[Outbound]2125000: 201 0 0
[Inbound]2125000: 201 0
[Outbound]2135000: 202 0 0
[Inbound]2135000: 202 0
[Outbound]2145000: 203 0 0
[Inbound]2145000: 203 0
[Outbound]2155000: 204 0 0
[Inbound]2155000: 204 0
[Outbound]2165000: 205 0 0
[Inbound]2165000: 205 0
[Outbound]2175000: 206 0 0
[Inbound]2175000: 206 0
[Outbound]2185000: 207 0 0
[Inbound]2185000: 207 0
[Outbound]2195000: 208 0 0
[Inbound]2195000: 208 0
[Outbound]2205000: 209 0 0
[Inbound]2205000: 209 0
[Outbound]2215000: 210 0 0
[Inbound]2215000: 210 0
[Outbound]2225000: 211 0 0
[Inbound]2225000: 211 0
[Outbound]2235000: 212 0 0
[Inbound]2235000: 212 0
[Outbound]2245000: 213 0 0
[Inbound]2245000: 213 0
[Outbound]2255000: 214 0 0
[Inbound]2255000: 214 0
[Outbound]2265000: 215 0 0
[Inbound]2265000: 215 0
[Outbound]2275000: 216 0 0
[Inbound]2275000: 216 0
[Outbound]2285000: 217 0 0
[Inbound]2285000: 217 0
[Outbound]2295000: 218 0 0
[Inbound]2295000: 218 0
[Outbound]2305000: 219 0 0
[Inbound]2305000: 219 0
[Outbound]2315000: 220 0 0
[Inbound]2315000: 220 0
[Outbound]2325000: 221 0 0
[Inbound]2325000: 221 0
[Outbound]2335000: 222 0 0
[Inbound]2335000: 222 0
[Outbound]2345000: 223 0 0
[Inbound]2345000: 223 0
[Outbound]2355000: 224 0 0
[Inbound]2355000: 224 0
[Outbound]2365000: 225 0 0
[Inbound]2365000: 225 0
[Outbound]2375000: 226 0 0
[Inbound]2375000: 226 0
[Outbound]2385000: 227 0 0
[Inbound]2385000: 227 0
[Outbound]2395000: 228 0 0
[Inbound]2395000: 228 0
[Outbound]2405000: 229 0 0
[Inbound]2405000: 229 0
[Outbound]2415000: 230 0 0
[Inbound]2415000: 230 0
[Outbound]2425000: 231 0 0
[Inbound]2425000: 231 0
[Outbound]2435000: 232 0 0
[Inbound]2435000: 232 0
[Outbound]2445000: 233 0 0
[Inbound]2445000: 233 0
[Outbound]2455000: 234 0 0
[Inbound]2455000: 234 0
[Outbound]2465000: 235 0 0
[Inbound]2465000: 235 0
[Outbound]2475000: 236 0 0
[Inbound]2475000: 236 0
[Outbound]2485000: 237 0 0
[Inbound]2485000: 237 0
[Outbound]2495000: 238 0 0
[Inbound]2495000: 238 0
[Outbound]2505000: 239 0 0
[Inbound]2505000: 239 0
[Outbound]2515000: 240 0 0
[Inbound]2515000: 240 0
[Outbound]2525000: 241 0 0
[Inbound]2525000: 241 0
[Outbound]2535000: 242 0 0
[Inbound]2535000: 242 0
[Outbound]2545000: 243 0 0
[Inbound]2545000: 243 0
[Outbound]2555000: 244 0 0
[Inbound]2555000: 244 0
[Outbound]2565000: 245 0 0
[Inbound]2565000: 245 0
[Outbound]2575000: 246 0 0
[Inbound]2575000: 246 0
[Outbound]2585000: 247 0 0
[Inbound]2585000: 247 0
[Outbound]2595000: 248 0 0
[Inbound]2595000: 248 0
[Outbound]2605000: 249 0 0
[Inbound]2605000: 249 0
[Outbound]2615000: 250 0 0
[Inbound]2615000: 250 0
[Outbound]2625000: 251 0 0
[Inbound]2625000: 251 0
[Outbound]2635000: 252 0 0
[Inbound]2635000: 252 0
[Outbound]2645000: 253 0 0
[Inbound]2645000: 253 0
[Outbound]2655000: 254 0 0
[Inbound]2655000: 254 0
[Outbound]2665000: 255 0 0
[Inbound]2665000: 255 0
[Outbound]2675000: 256 0 0
[Inbound]2675000: 256 0
[Outbound]2685000: 257 0 0
[Inbound]2685000: 257 0
[Outbound]2695000: 258 0 0
[Inbound]2695000: 258 0
[Outbound]2705000: 259 0 0
[Inbound]2705000: 259 0
[Outbound]2715000: 260 0 0
[Inbound]2715000: 260 0
[Outbound]2725000: 261 0 0
[Inbound]2725000: 261 0
[Outbound]2735000: 262 0 0
[Inbound]2735000: 262 0
[Outbound]2745000: 263 0 0
[Inbound]2745000: 263 0
[Outbound]2755000: 264 0 0
[Inbound]2755000: 264 0
[Outbound]2765000: 265 0 0
[Inbound]2765000: 265 0
[Outbound]2775000: 266 0 0
[Inbound]2775000: 266 0
[Outbound]2785000: 267 0 0
[Inbound]2785000: 267 0
[Outbound]2795000: 268 0 0
[Inbound]2795000: 268 0
[Outbound]2805000: 269 0 0
[Inbound]2805000: 269 0
[Outbound]2815000: 270 0 0
[Inbound]2815000: 270 0
[Outbound]2825000: 271 0 0
[Inbound]2825000: 271 0
[Outbound]2835000: 272 0 0
[Inbound]2835000: 272 0
[Outbound]2845000: 273 0 0
[Inbound]2845000: 273 0
[Outbound]2855000: 274 0 0
[Inbound]2855000: 274 0
[Outbound]2865000: 275 0 0
[Inbound]2865000: 275 0
[Outbound]2875000: 276 0 0
[Inbound]2875000: 276 0
[Outbound]2885000: 277 0 0
[Inbound]2885000: 277 0
[Outbound]2895000: 278 0 0
[Inbound]2895000: 278 0
[Outbound]2905000: 279 0 0
[Inbound]2905000: 279 0
[Outbound]2915000: 280 0 0
[Inbound]2915000: 280 0
[Outbound]2925000: 281 0 0
[Inbound]2925000: 281 0
[Outbound]2935000: 282 0 0
[Inbound]2935000: 282 0
[Outbound]2945000: 283 0 0
[Inbound]2945000: 283 0
[Outbound]2955000: 284 0 0
[Inbound]2955000: 284 0
[Outbound]2965000: 285 0 0
[Inbound]2965000: 285 0
[Outbound]2975000: 286 0 0
[Inbound]2975000: 286 0
[Outbound]2985000: 287 0 0
[Inbound]2985000: 287 0
[Outbound]2995000: 288 0 0
[Inbound]2995000: 288 0
[Outbound]3005000: 289 0 0
[Inbound]3005000: 289 0
[Outbound]3015000: 290 0 0
[Inbound]3015000: 290 0
[Outbound]3025000: 291 0 0
[Inbound]3025000: 291 0
[Outbound]3035000: 292 0 0
[Inbound]3035000: 292 0
[Outbound]3045000: 293 0 0
[Inbound]3045000: 293 0
[Outbound]3055000: 294 0 0
[Inbound]3055000: 294 0
[Outbound]3065000: 295 0 0
[Inbound]3065000: 295 0
[Outbound]3075000: 296 0 0
[Inbound]3075000: 296 0
[Outbound]3085000: 297 0 0
[Inbound]3085000: 297 0
[Outbound]3095000: 298 0 0
[Inbound]3095000: 298 0
[Outbound]3105000: 299 0 0
[Inbound]3105000: 299 0
[Outbound]3115000: 300 0 0
[Inbound]3115000: 300 0
[Outbound]3125000: 301 0 0
[Inbound]3125000: 301 0
[Outbound]3135000: 302 0 0
[Inbound]3135000: 302 0
[Outbound]3145000: 303 0 0
[Inbound]3145000: 303 0
[Outbound]3155000: 304 0 0
[Inbound]3155000: 304 0
[Outbound]3165000: 305 0 0
[Inbound]3165000: 305 0
[Outbound]3175000: 306 0 0
[Inbound]3175000: 306 0
[Outbound]3185000: 307 0 0
[Inbound]3185000: 307 0
[Outbound]3195000: 308 0 0
[Inbound]3195000: 308 0
[Outbound]3205000: 309 0 0
[Inbound]3205000: 309 0
[Outbound]3215000: 310 0 0
[Inbound]3215000: 310 0
[Outbound]3225000: 311 0 0
[Inbound]3225000: 311 0
[Outbound]3235000: 312 0 0
[Inbound]3235000: 312 0
[Outbound]3245000: 313 0 0
[Inbound]3245000: 313 0
[Outbound]3255000: 314 0 0
[Inbound]3255000: 314 0
[Outbound]3265000: 315 0 0
[Inbound]3265000: 315 0
[Outbound]3275000: 316 0 0
[Inbound]3275000: 316 0
[Outbound]3285000: 317 0 0
[Inbound]3285000: 317 0
[Outbound]3295000: 318 0 0
[Inbound]3295000: 318 0
[Outbound]3305000: 319 0 0
[Inbound]3305000: 319 0
[Outbound]3315000: 320 0 0
[Inbound]3315000: 320 0
[Outbound]3325000: 321 0 0
[Inbound]3325000: 321 0
[Outbound]3335000: 322 0 0
[Inbound]3335000: 322 0
[Outbound]3345000: 323 0 0
[Inbound]3345000: 323 0
[Outbound]3355000: 324 0 0
[Inbound]3355000: 324 0
[Outbound]3365000: 325 0 0
[Inbound]3365000: 325 0
[Outbound]3375000: 326 0 0
[Inbound]3375000: 326 0
[Outbound]3385000: 327 0 0
[Inbound]3385000: 327 0
[Outbound]3395000: 328 0 0
[Inbound]3395000: 328 0
[Outbound]3405000: 329 0 0
[Inbound]3405000: 329 0
[Outbound]3415000: 330 0 0
[Inbound]3415000: 330 0
[Outbound]3425000: 331 0 0
[Inbound]3425000: 331 0
[Outbound]3435000: 332 0 0
[Inbound]3435000: 332 0
[Outbound]3445000: 333 0 0
[Inbound]3445000: 333 0
[Outbound]3455000: 334 0 0
[Inbound]3455000: 334 0
[Outbound]3465000: 335 0 0
[Inbound]3465000: 335 0
[Outbound]3475000: 336 0 0
[Inbound]3475000: 336 0
[Outbound]3485000: 337 0 0
[Inbound]3485000: 337 0
[Outbound]3495000: 338 0 0
[Inbound]3495000: 338 0
[Outbound]3505000: 339 0 0
[Inbound]3505000: 339 0
[Outbound]3515000: 340 0 0
[Inbound]3515000: 340 0
[Outbound]3525000: 341 0 0
[Inbound]3525000: 341 0
[Outbound]3535000: 342 0 0
[Inbound]3535000: 342 0
[Outbound]3545000: 343 0 0
[Inbound]3545000: 343 0
[Outbound]3555000: 344 0 0
[Inbound]3555000: 344 0
[Outbound]3565000: 345 0 0
[Inbound]3565000: 345 0
[Outbound]3575000: 346 0 0
[Inbound]3575000: 346 0
[Outbound]3585000: 347 0 0
[Inbound]3585000: 347 0
[Outbound]3595000: 348 0 0
[Inbound]3595000: 348 0
[Outbound]3605000: 349 0 0
[Inbound]3605000: 349 0
[Outbound]3615000: 350 0 0
[Inbound]3615000: 350 0
[Outbound]3625000: 351 0 0
[Inbound]3625000: 351 0
[Outbound]3635000: 352 0 0
[Inbound]3635000: 352 0
[Outbound]3645000: 353 0 0
[Inbound]3645000: 353 0
[Outbound]3655000: 354 0 0
[Inbound]3655000: 354 0
[Outbound]3665000: 355 0 0
[Inbound]3665000: 355 0
[Outbound]3675000: 356 0 0
[Inbound]3675000: 356 0
[Outbound]3685000: 357 0 0
[Inbound]3685000: 357 0
[Outbound]3695000: 358 0 0
[Inbound]3695000: 358 0
[Outbound]3705000: 359 0 0
[Inbound]3705000: 359 0
[Outbound]3715000: 360 0 0
[Inbound]3715000: 360 0
[Outbound]3725000: 361 0 0
[Inbound]3725000: 361 0
[Outbound]3735000: 362 0 0
[Inbound]3735000: 362 0
[Outbound]3745000: 363 0 0
[Inbound]3745000: 363 0
[Outbound]3755000: 364 0 0
[Inbound]3755000: 364 0
[Outbound]3765000: 365 0 0
[Inbound]3765000: 365 0
[Outbound]3775000: 366 0 0
[Inbound]3775000: 366 0
[Outbound]3785000: 367 0 0
[Inbound]3785000: 367 0
[Outbound]3795000: 368 0 0
[Inbound]3795000: 368 0
[Outbound]3805000: 369 0 0
[Inbound]3805000: 369 0
[Outbound]3815000: 370 0 0
[Inbound]3815000: 370 0
[Outbound]3825000: 371 0 0
[Inbound]3825000: 371 0
[Outbound]3835000: 372 0 0
[Inbound]3835000: 372 0
[Outbound]3845000: 373 0 0
[Inbound]3845000: 373 0
[Outbound]3855000: 374 0 0
[Inbound]3855000: 374 0
[Outbound]3865000: 375 0 0
[Inbound]3865000: 375 0
[Outbound]3875000: 376 0 0
[Inbound]3875000: 376 0
[Outbound]3885000: 377 0 0
[Inbound]3885000: 377 0
[Outbound]3895000: 378 0 0
[Inbound]3895000: 378 0
[Outbound]3905000: 379 0 0
[Inbound]3905000: 379 0
[Outbound]3915000: 380 0 0
[Inbound]3915000: 380 0
[Outbound]3925000: 381 0 0
[Inbound]3925000: 381 0
[Outbound]3935000: 382 0 0
[Inbound]3935000: 382 0
[Outbound]3945000: 383 0 0
[Inbound]3945000: 383 0
[Outbound]3955000: 384 0 0
[Inbound]3955000: 384 0
[Outbound]3965000: 385 0 0
[Inbound]3965000: 385 0
[Outbound]3975000: 386 0 0
[Inbound]3975000: 386 0
[Outbound]3985000: 387 0 0
[Inbound]3985000: 387 0
[Outbound]3995000: 388 0 0
[Inbound]3995000: 388 0
[Outbound]4005000: 389 0 0
[Inbound]4005000: 389 0
[Outbound]4015000: 390 0 0
[Inbound]4015000: 390 0
[Outbound]4025000: 391 0 0
[Inbound]4025000: 391 0
[Outbound]4035000: 392 0 0
[Inbound]4035000: 392 0
[Outbound]4045000: 393 0 0
[Inbound]4045000: 393 0
[Outbound]4055000: 394 0 0
[Inbound]4055000: 394 0
[Outbound]4065000: 395 0 0
[Inbound]4065000: 395 0
[Outbound]4075000: 396 0 0
[Inbound]4075000: 396 0
[Outbound]4085000: 397 0 0
[Inbound]4085000: 397 0
[Outbound]4095000: 398 0 0
[Inbound]4095000: 398 0
[Outbound]4105000: 399 0 0
[Inbound]4105000: 399 0
[Outbound]4115000: 400 0 0
[Inbound]4115000: 400 0
[Outbound]4125000: 401 0 0
[Inbound]4125000: 401 0
[Outbound]4135000: 402 0 0
[Inbound]4135000: 402 0
[Outbound]4145000: 403 0 0
[Inbound]4145000: 403 0
[Outbound]4155000: 404 0 0
[Inbound]4155000: 404 0
[Outbound]4165000: 405 0 0
[Inbound]4165000: 405 0
[Outbound]4175000: 406 0 0
[Inbound]4175000: 406 0
[Outbound]4185000: 407 0 0
[Inbound]4185000: 407 0
[Outbound]4195000: 408 0 0
[Inbound]4195000: 408 0
[Outbound]4205000: 409 0 0
[Inbound]4205000: 409 0
[Outbound]4215000: 410 0 0
[Inbound]4215000: 410 0
[Outbound]4225000: 411 0 0
[Inbound]4225000: 411 0
[Outbound]4235000: 412 0 0
[Inbound]4235000: 412 0
[Outbound]4245000: 413 0 0
[Inbound]4245000: 413 0
[Outbound]4255000: 414 0 0
[Inbound]4255000: 414 0
[Outbound]4265000: 415 0 0
[Inbound]4265000: 415 0
[Outbound]4275000: 416 0 0
[Inbound]4275000: 416 0
[Outbound]4285000: 417 0 0
[Inbound]4285000: 417 0
[Outbound]4295000: 418 0 0
[Inbound]4295000: 418 0
[Outbound]4305000: 419 0 0
[Inbound]4305000: 419 0
[Outbound]4315000: 420 0 0
[Inbound]4315000: 420 0
[Outbound]4325000: 421 0 0
[Inbound]4325000: 421 0
[Outbound]4335000: 422 0 0
[Inbound]4335000: 422 0
[Outbound]4345000: 423 0 0
[Inbound]4345000: 423 0
[Outbound]4355000: 424 0 0
[Inbound]4355000: 424 0
[Outbound]4365000: 425 0 0
[Inbound]4365000: 425 0
[Outbound]4375000: 426 0 0
[Inbound]4375000: 426 0
[Outbound]4385000: 427 0 0
[Inbound]4385000: 427 0
[Outbound]4395000: 428 0 0
[Inbound]4395000: 428 0
[Outbound]4405000: 429 0 0
[Inbound]4405000: 429 0
[Outbound]4415000: 430 0 0
[Inbound]4415000: 430 0
[Outbound]4425000: 431 0 0
[Inbound]4425000: 431 0
[Outbound]4435000: 432 0 0
[Inbound]4435000: 432 0
[Outbound]4445000: 433 0 0
[Inbound]4445000: 433 0
[Outbound]4455000: 434 0 0
[Inbound]4455000: 434 0
[Outbound]4465000: 435 0 0
[Inbound]4465000: 435 0
[Outbound]4475000: 436 0 0
[Inbound]4475000: 436 0
[Outbound]4485000: 437 0 0
[Inbound]4485000: 437 0
[Outbound]4495000: 438 0 0
[Inbound]4495000: 438 0
[Outbound]4505000: 439 0 0
[Inbound]4505000: 439 0
[Outbound]4515000: 440 0 0
[Inbound]4515000: 440 0
[Outbound]4525000: 441 0 0
[Inbound]4525000: 441 0
[Outbound]4535000: 442 0 0
[Inbound]4535000: 442 0
[Outbound]4545000: 443 0 0
[Inbound]4545000: 443 0
[Outbound]4555000: 444 0 0
[Inbound]4555000: 444 0
[Outbound]4565000: 445 0 0
[Inbound]4565000: 445 0
[Outbound]4575000: 446 0 0
[Inbound]4575000: 446 0
[Outbound]4585000: 447 0 0
[Inbound]4585000: 447 0
[Outbound]4595000: 448 0 0
[Inbound]4595000: 448 0
[Outbound]4605000: 449 0 0
[Inbound]4605000: 449 0
[Outbound]4615000: 450 0 0
[Inbound]4615000: 450 0
[Outbound]4625000: 451 0 0
[Inbound]4625000: 451 0
[Outbound]4635000: 452 0 0
[Inbound]4635000: 452 0
[Outbound]4645000: 453 0 0
[Inbound]4645000: 453 0
[Outbound]4655000: 454 0 0
[Inbound]4655000: 454 0
[Outbound]4665000: 455 0 0
[Inbound]4665000: 455 0
[Outbound]4675000: 456 0 0
[Inbound]4675000: 456 0
[Outbound]4685000: 457 0 0
[Inbound]4685000: 457 0
[Outbound]4695000: 458 0 0
[Inbound]4695000: 458 0
[Outbound]4705000: 459 0 0
[Inbound]4705000: 459 0
[Outbound]4715000: 460 0 0
[Inbound]4715000: 460 0
[Outbound]4725000: 461 0 0
[Inbound]4725000: 461 0
[Outbound]4735000: 462 0 0
[Inbound]4735000: 462 0
[Outbound]4745000: 463 0 0
[Inbound]4745000: 463 0
[Outbound]4755000: 464 0 0
[Inbound]4755000: 464 0
[Outbound]4765000: 465 0 0
[Inbound]4765000: 465 0
[Outbound]4775000: 466 0 0
[Inbound]4775000: 466 0
[Outbound]4785000: 467 0 0
[Inbound]4785000: 467 0
[Outbound]4795000: 468 0 0
[Inbound]4795000: 468 0
[Outbound]4805000: 469 0 0
[Inbound]4805000: 469 0
[Outbound]4815000: 470 0 0
[Inbound]4815000: 470 0
[Outbound]4825000: 471 0 0
[Inbound]4825000: 471 0
[Outbound]4835000: 472 0 0
[Inbound]4835000: 472 0
[Outbound]4845000: 473 0 0
[Inbound]4845000: 473 0
[Outbound]4855000: 474 0 0
[Inbound]4855000: 474 0
[Outbound]4865000: 475 0 0
[Inbound]4865000: 475 0
[Outbound]4875000: 476 0 0
[Inbound]4875000: 476 0
[Outbound]4885000: 477 0 0
[Inbound]4885000: 477 0
[Outbound]4895000: 478 0 0
[Inbound]4895000: 478 0
[Outbound]4905000: 479 0 0
[Inbound]4905000: 479 0
[Outbound]4915000: 480 0 0
[Inbound]4915000: 480 0
[Outbound]4925000: 481 0 0
[Inbound]4925000: 481 0
[Outbound]4935000: 482 0 0
[Inbound]4935000: 482 0
[Outbound]4945000: 483 0 0
[Inbound]4945000: 483 0
[Outbound]4955000: 484 0 0
[Inbound]4955000: 484 0
[Outbound]4965000: 485 0 0
[Inbound]4965000: 485 0
[Outbound]4975000: 486 0 0
[Inbound]4975000: 486 0
[Outbound]4985000: 487 0 0
[Inbound]4985000: 487 0
[Outbound]4995000: 488 0 0
[Inbound]4995000: 488 0
[Outbound]5005000: 489 0 0
[Inbound]5005000: 489 0
[Outbound]5015000: 490 0 0
[Inbound]5015000: 490 0
[Outbound]5025000: 491 0 0
[Inbound]5025000: 491 0
[Outbound]5035000: 492 0 0
[Inbound]5035000: 492 0
[Outbound]5045000: 493 0 0
[Inbound]5045000: 493 0
[Outbound]5055000: 494 0 0
[Inbound]5055000: 494 0
[Outbound]5065000: 495 0 0
[Inbound]5065000: 495 0
[Outbound]5075000: 496 0 0
[Inbound]5075000: 496 0
[Outbound]5085000: 497 0 0
[Inbound]5085000: 497 0
[Outbound]5095000: 498 0 0
[Inbound]5095000: 498 0
[Outbound]5105000: 499 0 0
[Inbound]5105000: 499 0
[Outbound]5115000: 500 0 0
[Inbound]5115000: 500 0
[Outbound]5125000: 501 0 0
[Inbound]5125000: 501 0
[Outbound]5135000: 502 0 0
[Inbound]5135000: 502 0
[Outbound]5145000: 503 0 0
[Inbound]5145000: 503 0
[Outbound]5155000: 504 0 0
[Inbound]5155000: 504 0
[Outbound]5165000: 505 0 0
[Inbound]5165000: 505 0
[Outbound]5175000: 506 0 0
[Inbound]5175000: 506 0
[Outbound]5185000: 507 0 0
[Inbound]5185000: 507 0
[Outbound]5195000: 508 0 0
[Inbound]5195000: 508 0
[Outbound]5205000: 509 0 0
[Inbound]5205000: 509 0
[Outbound]5215000: 510 0 0
[Inbound]5215000: 510 0
[Outbound]5225000: 511 0 0
[Inbound]5225000: 511 0
[Outbound]5235000: 512 0 0
[Inbound]5235000: 512 0
[Outbound]5245000: 513 0 0
[Inbound]5245000: 513 0
[Outbound]5255000: 514 0 0
[Inbound]5255000: 514 0
[Outbound]5265000: 515 0 0
[Inbound]5265000: 515 0
[Outbound]5275000: 516 0 0
[Inbound]5275000: 516 0
[Outbound]5285000: 517 0 0
[Inbound]5285000: 517 0
[Outbound]5295000: 518 0 0
[Inbound]5295000: 518 0
[Outbound]5305000: 519 0 0
[Inbound]5305000: 519 0
[Outbound]5315000: 520 0 0
[Inbound]5315000: 520 0
[Outbound]5325000: 521 0 0
[Inbound]5325000: 521 0
[Outbound]5335000: 522 0 0
[Inbound]5335000: 522 0
[Outbound]5345000: 523 0 0
[Inbound]5345000: 523 0
[Outbound]5355000: 524 0 0
[Inbound]5355000: 524 0
[Outbound]5365000: 525 0 0
[Inbound]5365000: 525 0
[Outbound]5375000: 526 0 0
[Inbound]5375000: 526 0
[Outbound]5385000: 527 0 0
[Inbound]5385000: 527 0
[Outbound]5395000: 528 0 0
[Inbound]5395000: 528 0
[Outbound]5405000: 529 0 0
[Inbound]5405000: 529 0
[Outbound]5415000: 530 0 0
[Inbound]5415000: 530 0
[Outbound]5425000: 531 0 0
[Inbound]5425000: 531 0
[Outbound]5435000: 532 0 0
[Inbound]5435000: 532 0
[Outbound]5445000: 533 0 0
[Inbound]5445000: 533 0
[Outbound]5455000: 534 0 0
[Inbound]5455000: 534 0
[Outbound]5465000: 535 0 0
[Inbound]5465000: 535 0
[Outbound]5475000: 536 0 0
[Inbound]5475000: 536 0
[Outbound]5485000: 537 0 0
[Inbound]5485000: 537 0
[Outbound]5495000: 538 0 0
[Inbound]5495000: 538 0
[Outbound]5505000: 539 0 0
[Inbound]5505000: 539 0
[Outbound]5515000: 540 0 0
[Inbound]5515000: 540 0
[Outbound]5525000: 541 0 0
[Inbound]5525000: 541 0
[Outbound]5535000: 542 0 0
[Inbound]5535000: 542 0
[Outbound]5545000: 543 0 0
[Inbound]5545000: 543 0
[Outbound]5555000: 544 0 0
[Inbound]5555000: 544 0
[Outbound]5565000: 545 0 0
[Inbound]5565000: 545 0
[Outbound]5575000: 546 0 0
[Inbound]5575000: 546 0
[Outbound]5585000: 547 0 0
[Inbound]5585000: 547 0
[Outbound]5595000: 548 0 0
[Inbound]5595000: 548 0
[Outbound]5605000: 549 0 0
[Inbound]5605000: 549 0
[Outbound]5615000: 550 0 0
[Inbound]5615000: 550 0
[Outbound]5625000: 551 0 0
[Inbound]5625000: 551 0
[Outbound]5635000: 552 0 0
[Inbound]5635000: 552 0
[Outbound]5645000: 553 0 0
[Inbound]5645000: 553 0
[Outbound]5655000: 554 0 0
[Inbound]5655000: 554 0
[Outbound]5665000: 555 0 0
[Inbound]5665000: 555 0
[Outbound]5675000: 556 0 0
[Inbound]5675000: 556 0
[Outbound]5685000: 557 0 0
[Inbound]5685000: 557 0
[Outbound]5695000: 558 0 0
[Inbound]5695000: 558 0
[Outbound]5705000: 559 0 0
[Inbound]5705000: 559 0
[Outbound]5715000: 560 0 0
[Inbound]5715000: 560 0
[Outbound]5725000: 561 0 0
[Inbound]5725000: 561 0
[Outbound]5735000: 562 0 0
[Inbound]5735000: 562 0
[Outbound]5745000: 563 0 0
[Inbound]5745000: 563 0
[Outbound]5755000: 564 0 0
[Inbound]5755000: 564 0
[Outbound]5765000: 565 0 0
[Inbound]5765000: 565 0
[Outbound]5775000: 566 0 0
[Inbound]5775000: 566 0
[Outbound]5785000: 567 0 0
[Inbound]5785000: 567 0
[Outbound]5795000: 568 0 0
[Inbound]5795000: 568 0
[Outbound]5805000: 569 0 0
[Inbound]5805000: 569 0
[Outbound]5815000: 570 0 0
[Inbound]5815000: 570 0
[Outbound]5825000: 571 0 0
[Inbound]5825000: 571 0
[Outbound]5835000: 572 0 0
[Inbound]5835000: 572 0
[Outbound]5845000: 573 0 0
[Inbound]5845000: 573 0
[Outbound]5855000: 574 0 0
[Inbound]5855000: 574 0
[Outbound]5865000: 575 0 0
[Inbound]5865000: 575 0
[Outbound]5875000: 576 0 0
[Inbound]5875000: 576 0
[Outbound]5885000: 577 0 0
[Inbound]5885000: 577 0
[Outbound]5895000: 578 0 0
[Inbound]5895000: 578 0
[Outbound]5905000: 579 0 0
[Inbound]5905000: 579 0
[Outbound]5915000: 580 0 0
[Inbound]5915000: 580 0
[Outbound]5925000: 581 0 0
[Inbound]5925000: 581 0
[Outbound]5935000: 582 0 0
[Inbound]5935000: 582 0
[Outbound]5945000: 583 0 0
[Inbound]5945000: 583 0
[Outbound]5955000: 584 0 0
[Inbound]5955000: 584 0
[Outbound]5965000: 585 0 0
[Inbound]5965000: 585 0
[Outbound]5975000: 586 0 0
[Inbound]5975000: 586 0
[Outbound]5985000: 587 0 0
[Inbound]5985000: 587 0
[Outbound]5995000: 588 0 0
[Inbound]5995000: 588 0
[Outbound]6005000: 589 0 0
[Inbound]6005000: 589 0
[Outbound]6015000: 590 0 0
[Inbound]6015000: 590 0
[Outbound]6025000: 591 0 0
[Inbound]6025000: 591 0
[Outbound]6035000: 592 0 0
[Inbound]6035000: 592 0
[Outbound]6045000: 593 0 0
[Inbound]6045000: 593 0
[Outbound]6055000: 594 0 0
[Inbound]6055000: 594 0
[Outbound]6065000: 595 0 0
[Inbound]6065000: 595 0
[Outbound]6075000: 596 0 0
[Inbound]6075000: 596 0
[Outbound]6085000: 597 0 0
[Inbound]6085000: 597 0
[Outbound]6095000: 598 0 0
[Inbound]6095000: 598 0
[Outbound]6105000: 599 0 0
[Inbound]6105000: 599 0
[Outbound]6115000: 600 0 0
[Inbound]6115000: 600 0
[Outbound]6125000: 601 0 0
[Inbound]6125000: 601 0
[Outbound]6135000: 602 0 0
[Inbound]6135000: 602 0
[Outbound]6145000: 603 0 0
[Inbound]6145000: 603 0
[Outbound]6155000: 604 0 0
[Inbound]6155000: 604 0
[Outbound]6165000: 605 0 0
[Inbound]6165000: 605 0
[Outbound]6175000: 606 0 0
[Inbound]6175000: 606 0
[Outbound]6185000: 607 0 0
[Inbound]6185000: 607 0
[Outbound]6195000: 608 0 0
[Inbound]6195000: 608 0
[Outbound]6205000: 609 0 0
[Inbound]6205000: 609 0
[Outbound]6215000: 610 0 0
[Inbound]6215000: 610 0
[Outbound]6225000: 611 0 0
[Inbound]6225000: 611 0
[Outbound]6235000: 612 0 0
[Inbound]6235000: 612 0
[Outbound]6245000: 613 0 0
[Inbound]6245000: 613 0
[Outbound]6255000: 614 0 0
[Inbound]6255000: 614 0
[Outbound]6265000: 615 0 0
[Inbound]6265000: 615 0
[Outbound]6275000: 616 0 0
[Inbound]6275000: 616 0
[Outbound]6285000: 617 0 0
[Inbound]6285000: 617 0
[Outbound]6295000: 618 0 0
[Inbound]6295000: 618 0
[Outbound]6305000: 619 0 0
[Inbound]6305000: 619 0
[Outbound]6315000: 620 0 0
[Inbound]6315000: 620 0
[Outbound]6325000: 621 0 0
[Inbound]6325000: 621 0
[Outbound]6335000: 622 0 0
[Inbound]6335000: 622 0
[Outbound]6345000: 623 0 0
[Inbound]6345000: 623 0
[Outbound]6355000: 624 0 0
[Inbound]6355000: 624 0
[Outbound]6365000: 625 0 0
[Inbound]6365000: 625 0
[Outbound]6375000: 626 0 0
[Inbound]6375000: 626 0
[Outbound]6385000: 627 0 0
[Inbound]6385000: 627 0
[Outbound]6395000: 628 0 0
[Inbound]6395000: 628 0
[Outbound]6405000: 629 0 0
[Inbound]6405000: 629 0
[Outbound]6415000: 630 0 0
[Inbound]6415000: 630 0
[Outbound]6425000: 631 0 0
[Inbound]6425000: 631 0
[Outbound]6435000: 632 0 0
[Inbound]6435000: 632 0
[Outbound]6445000: 633 0 0
[Inbound]6445000: 633 0
[Outbound]6455000: 634 0 0
[Inbound]6455000: 634 0
[Outbound]6465000: 635 0 0
[Inbound]6465000: 635 0
[Outbound]6475000: 636 0 0
[Inbound]6475000: 636 0
[Outbound]6485000: 637 0 0
[Inbound]6485000: 637 0
[Outbound]6495000: 638 0 0
[Inbound]6495000: 638 0
[Outbound]6505000: 639 0 0
[Inbound]6505000: 639 0
[Outbound]6515000: 640 0 0
[Inbound]6515000: 640 0
[Outbound]6525000: 641 0 0
[Inbound]6525000: 641 0
[Outbound]6535000: 642 0 0
[Inbound]6535000: 642 0
[Outbound]6545000: 643 0 0
[Inbound]6545000: 643 0
[Outbound]6555000: 644 0 0
[Inbound]6555000: 644 0
[Outbound]6565000: 645 0 0
[Inbound]6565000: 645 0
[Outbound]6575000: 646 0 0
[Inbound]6575000: 646 0
[Outbound]6585000: 647 0 0
[Inbound]6585000: 647 0
[Outbound]6595000: 648 0 0
[Inbound]6595000: 648 0
[Outbound]6605000: 649 0 0
[Inbound]6605000: 649 0
[Outbound]6615000: 650 0 0
[Inbound]6615000: 650 0
[Outbound]6625000: 651 0 0
[Inbound]6625000: 651 0
[Outbound]6635000: 652 0 0
[Inbound]6635000: 652 0
[Outbound]6645000: 653 0 0
[Inbound]6645000: 653 0
[Outbound]6655000: 654 0 0
[Inbound]6655000: 654 0
[Outbound]6665000: 655 0 0
[Inbound]6665000: 655 0
[Outbound]6675000: 656 0 0
[Inbound]6675000: 656 0
[Outbound]6685000: 657 0 0
[Inbound]6685000: 657 0
[Outbound]6695000: 658 0 0
[Inbound]6695000: 658 0
[Outbound]6705000: 659 0 0
[Inbound]6705000: 659 0
[Outbound]6715000: 660 0 0
[Inbound]6715000: 660 0
[Outbound]6725000: 661 0 0
[Inbound]6725000: 661 0
[Outbound]6735000: 662 0 0
[Inbound]6735000: 662 0
[Outbound]6745000: 663 0 0
[Inbound]6745000: 663 0
[Outbound]6755000: 664 0 0
[Inbound]6755000: 664 0
[Outbound]6765000: 665 0 0
[Inbound]6765000: 665 0
[Outbound]6775000: 666 0 0
[Inbound]6775000: 666 0
[Outbound]6785000: 667 0 0
[Inbound]6785000: 667 0
[Outbound]6795000: 668 0 0
[Inbound]6795000: 668 0
[Outbound]6805000: 669 0 0
[Inbound]6805000: 669 0
[Outbound]6815000: 670 0 0
[Inbound]6815000: 670 0
[Outbound]6825000: 671 0 0
[Inbound]6825000: 671 0
[Outbound]6835000: 672 0 0
[Inbound]6835000: 672 0
[Outbound]6845000: 673 0 0
[Inbound]6845000: 673 0
[Outbound]6855000: 674 0 0
[Inbound]6855000: 674 0
[Outbound]6865000: 675 0 0
[Inbound]6865000: 675 0
[Outbound]6875000: 676 0 0
[Inbound]6875000: 676 0
[Outbound]6885000: 677 0 0
[Inbound]6885000: 677 0
[Outbound]6895000: 678 0 0
[Inbound]6895000: 678 0
[Outbound]6905000: 679 0 0
[Inbound]6905000: 679 0
[Outbound]6915000: 680 0 0
[Inbound]6915000: 680 0
[Outbound]6925000: 681 0 0
[Inbound]6925000: 681 0
[Outbound]6935000: 682 0 0
[Inbound]6935000: 682 0
[Outbound]6945000: 683 0 0
[Inbound]6945000: 683 0
[Outbound]6955000: 684 0 0
[Inbound]6955000: 684 0
[Outbound]6965000: 685 0 0
[Inbound]6965000: 685 0
[Outbound]6975000: 686 0 0
[Inbound]6975000: 686 0
[Outbound]6985000: 687 0 0
[Inbound]6985000: 687 0
[Outbound]6995000: 688 0 0
[Inbound]6995000: 688 0
[Outbound]7005000: 689 0 0
[Inbound]7005000: 689 0
[Outbound]7015000: 690 0 0
[Inbound]7015000: 690 0
[Outbound]7025000: 691 0 0
[Inbound]7025000: 691 0
[Outbound]7035000: 692 0 0
[Inbound]7035000: 692 0
[Outbound]7045000: 693 0 0
[Inbound]7045000: 693 0
[Outbound]7055000: 694 0 0
[Inbound]7055000: 694 0
[Outbound]7065000: 695 0 0
[Inbound]7065000: 695 0
[Outbound]7075000: 696 0 0
[Inbound]7075000: 696 0
[Outbound]7085000: 697 0 0
[Inbound]7085000: 697 0
[Outbound]7095000: 698 0 0
[Inbound]7095000: 698 0
[Outbound]7105000: 699 0 0
[Inbound]7105000: 699 0
[Outbound]7115000: 700 0 0
[Inbound]7115000: 700 0
[Outbound]7125000: 701 0 0
[Inbound]7125000: 701 0
[Outbound]7135000: 702 0 0
[Inbound]7135000: 702 0
[Outbound]7145000: 703 0 0
[Inbound]7145000: 703 0
[Outbound]7155000: 704 0 0
[Inbound]7155000: 704 0
[Outbound]7165000: 705 0 0
[Inbound]7165000: 705 0
[Outbound]7175000: 706 0 0
[Inbound]7175000: 706 0
[Outbound]7185000: 707 0 0
[Inbound]7185000: 707 0
[Outbound]7195000: 708 0 0
[Inbound]7195000: 708 0
[Outbound]7205000: 709 0 0
[Inbound]7205000: 709 0
[Outbound]7215000: 710 0 0
[Inbound]7215000: 710 0
[Outbound]7225000: 711 0 0
[Inbound]7225000: 711 0
[Outbound]7235000: 712 0 0
[Inbound]7235000: 712 0
[Outbound]7245000: 713 0 0
[Inbound]7245000: 713 0
[Outbound]7255000: 714 0 0
[Inbound]7255000: 714 0
[Outbound]7265000: 715 0 0
[Inbound]7265000: 715 0
[Outbound]7275000: 716 0 0
[Inbound]7275000: 716 0
[Outbound]7285000: 717 0 0
[Inbound]7285000: 717 0
[Outbound]7295000: 718 0 0
[Inbound]7295000: 718 0
[Outbound]7305000: 719 0 0
[Inbound]7305000: 719 0
[Outbound]7315000: 720 0 0
[Inbound]7315000: 720 0
[Outbound]7325000: 721 0 0
[Inbound]7325000: 721 0
[Outbound]7335000: 722 0 0
[Inbound]7335000: 722 0
[Outbound]7345000: 723 0 0
[Inbound]7345000: 723 0
[Outbound]7355000: 724 0 0
[Inbound]7355000: 724 0
[Outbound]7365000: 725 0 0
[Inbound]7365000: 725 0
[Outbound]7375000: 726 0 0
[Inbound]7375000: 726 0
[Outbound]7385000: 727 0 0
[Inbound]7385000: 727 0
[Outbound]7395000: 728 0 0
[Inbound]7395000: 728 0
[Outbound]7405000: 729 0 0
[Inbound]7405000: 729 0
[Outbound]7415000: 730 0 0
[Inbound]7415000: 730 0
[Outbound]7425000: 731 0 0
[Inbound]7425000: 731 0
[Outbound]7435000: 732 0 0
[Inbound]7435000: 732 0
[Outbound]7445000: 733 0 0
[Inbound]7445000: 733 0
[Outbound]7455000: 734 0 0
[Inbound]7455000: 734 0
[Outbound]7465000: 735 0 0
[Inbound]7465000: 735 0
[Outbound]7475000: 736 0 0
[Inbound]7475000: 736 0
[Outbound]7485000: 737 0 0
[Inbound]7485000: 737 0
[Outbound]7495000: 738 0 0
[Inbound]7495000: 738 0
[Outbound]7505000: 739 0 0
[Inbound]7505000: 739 0
[Outbound]7515000: 740 0 0
[Inbound]7515000: 740 0
[Outbound]7525000: 741 0 0
[Inbound]7525000: 741 0
[Outbound]7535000: 742 0 0
[Inbound]7535000: 742 0
[Outbound]7545000: 743 0 0
[Inbound]7545000: 743 0
[Outbound]7555000: 744 0 0
[Inbound]7555000: 744 0
[Outbound]7565000: 745 0 0
[Inbound]7565000: 745 0
[Outbound]7575000: 746 0 0
[Inbound]7575000: 746 0
[Outbound]7585000: 747 0 0
[Inbound]7585000: 747 0
[Outbound]7595000: 748 0 0
[Inbound]7595000: 748 0
[Outbound]7605000: 749 0 0
[Inbound]7605000: 749 0
[Outbound]7615000: 750 0 0
[Inbound]7615000: 750 0
[Outbound]7625000: 751 0 0
[Inbound]7625000: 751 0
[Outbound]7635000: 752 0 0
[Inbound]7635000: 752 0
[Outbound]7645000: 753 0 0
[Inbound]7645000: 753 0
[Outbound]7655000: 754 0 0
[Inbound]7655000: 754 0
[Outbound]7665000: 755 0 0
[Inbound]7665000: 755 0
[Outbound]7675000: 756 0 0
[Inbound]7675000: 756 0
[Outbound]7685000: 757 0 0
[Inbound]7685000: 757 0
[Outbound]7695000: 758 0 0
[Inbound]7695000: 758 0
[Outbound]7705000: 759 0 0
[Inbound]7705000: 759 0
[Outbound]7715000: 760 0 0
[Inbound]7715000: 760 0
[Outbound]7725000: 761 0 0
[Inbound]7725000: 761 0
[Outbound]7735000: 762 0 0
[Inbound]7735000: 762 0
[Outbound]7745000: 763 0 0
[Inbound]7745000: 763 0
[Outbound]7755000: 764 0 0
[Inbound]7755000: 764 0
[Outbound]7765000: 765 0 0
[Inbound]7765000: 765 0
[Outbound]7775000: 766 0 0
[Inbound]7775000: 766 0
[Outbound]7785000: 767 0 0
[Inbound]7785000: 767 0
[Outbound]7795000: 768 0 0
[Inbound]7795000: 768 0
[Outbound]7805000: 769 0 0
[Inbound]7805000: 769 0
[Outbound]7815000: 770 0 0
[Inbound]7815000: 770 0
[Outbound]7825000: 771 0 0
[Inbound]7825000: 771 0
[Outbound]7835000: 772 0 0
[Inbound]7835000: 772 0
[Outbound]7845000: 773 0 0
[Inbound]7845000: 773 0
[Outbound]7855000: 774 0 0
[Inbound]7855000: 774 0
[Outbound]7865000: 775 0 0
[Inbound]7865000: 775 0
[Outbound]7875000: 776 0 0
[Inbound]7875000: 776 0
[Outbound]7885000: 777 0 0
[Inbound]7885000: 777 0
[Outbound]7895000: 778 0 0
[Inbound]7895000: 778 0
[Outbound]7905000: 779 0 0
[Inbound]7905000: 779 0
[Outbound]7915000: 780 0 0
[Inbound]7915000: 780 0
[Outbound]7925000: 781 0 0
[Inbound]7925000: 781 0
[Outbound]7935000: 782 0 0
[Inbound]7935000: 782 0
[Outbound]7945000: 783 0 0
[Inbound]7945000: 783 0
[Outbound]7955000: 784 0 0
[Inbound]7955000: 784 0
[Outbound]7965000: 785 0 0
[Inbound]7965000: 785 0
[Outbound]7975000: 786 0 0
[Inbound]7975000: 786 0
[Outbound]7985000: 787 0 0
[Inbound]7985000: 787 0
[Outbound]7995000: 788 0 0
[Inbound]7995000: 788 0
[Outbound]8005000: 789 0 0
[Inbound]8005000: 789 0
[Outbound]8015000: 790 0 0
[Inbound]8015000: 790 0
[Outbound]8025000: 791 0 0
[Inbound]8025000: 791 0
[Outbound]8035000: 792 0 0
[Inbound]8035000: 792 0
[Outbound]8045000: 793 0 0
[Inbound]8045000: 793 0
[Outbound]8055000: 794 0 0
[Inbound]8055000: 794 0
[Outbound]8065000: 795 0 0
[Inbound]8065000: 795 0
[Outbound]8075000: 796 0 0
[Inbound]8075000: 796 0
[Outbound]8085000: 797 0 0
[Inbound]8085000: 797 0
[Outbound]8095000: 798 0 0
[Inbound]8095000: 798 0
[Outbound]8105000: 799 0 0
[Inbound]8105000: 799 0
[Outbound]8115000: 800 0 0
[Inbound]8115000: 800 0
[Outbound]8125000: 801 0 0
[Inbound]8125000: 801 0
[Outbound]8135000: 802 0 0
[Inbound]8135000: 802 0
[Outbound]8145000: 803 0 0
[Inbound]8145000: 803 0
[Outbound]8155000: 804 0 0
[Inbound]8155000: 804 0
[Outbound]8165000: 805 0 0
[Inbound]8165000: 805 0
[Outbound]8175000: 806 0 0
[Inbound]8175000: 806 0
[Outbound]8185000: 807 0 0
[Inbound]8185000: 807 0
[Outbound]8195000: 808 0 0
[Inbound]8195000: 808 0
[Outbound]8205000: 809 0 0
[Inbound]8205000: 809 0
[Outbound]8215000: 810 0 0
[Inbound]8215000: 810 0
[Outbound]8225000: 811 0 0
[Inbound]8225000: 811 0
[Outbound]8235000: 812 0 0
[Inbound]8235000: 812 0
[Outbound]8245000: 813 0 0
[Inbound]8245000: 813 0
[Outbound]8255000: 814 0 0
[Inbound]8255000: 814 0
[Outbound]8265000: 815 0 0
[Inbound]8265000: 815 0
[Outbound]8275000: 816 0 0
[Inbound]8275000: 816 0
[Outbound]8285000: 817 0 0
[Inbound]8285000: 817 0
[Outbound]8295000: 818 0 0
[Inbound]8295000: 818 0
[Outbound]8305000: 819 0 0
[Inbound]8305000: 819 0
[Outbound]8315000: 820 0 0
[Inbound]8315000: 820 0
[Outbound]8325000: 821 0 0
[Inbound]8325000: 821 0
[Outbound]8335000: 822 0 0
[Inbound]8335000: 822 0
[Outbound]8345000: 823 0 0
[Inbound]8345000: 823 0
[Outbound]8355000: 824 0 0
[Inbound]8355000: 824 0
[Outbound]8365000: 825 0 0
[Inbound]8365000: 825 0
[Outbound]8375000: 826 0 0
[Inbound]8375000: 826 0
[Outbound]8385000: 827 0 0
[Inbound]8385000: 827 0
[Outbound]8395000: 828 0 0
[Inbound]8395000: 828 0
[Outbound]8405000: 829 0 0
[Inbound]8405000: 829 0
[Outbound]8415000: 830 0 0
[Inbound]8415000: 830 0
[Outbound]8425000: 831 0 0
[Inbound]8425000: 831 0
[Outbound]8435000: 832 0 0
[Inbound]8435000: 832 0
[Outbound]8445000: 833 0 0
[Inbound]8445000: 833 0
[Outbound]8455000: 834 0 0
[Inbound]8455000: 834 0
[Outbound]8465000: 835 0 0
[Inbound]8465000: 835 0
[Outbound]8475000: 836 0 0
[Inbound]8475000: 836 0
[Outbound]8485000: 837 0 0
[Inbound]8485000: 837 0
[Outbound]8495000: 838 0 0
[Inbound]8495000: 838 0
[Outbound]8505000: 839 0 0
[Inbound]8505000: 839 0
[Outbound]8515000: 840 0 0
[Inbound]8515000: 840 0
[Outbound]8525000: 841 0 0
[Inbound]8525000: 841 0
[Outbound]8535000: 842 0 0
[Inbound]8535000: 842 0
[Outbound]8545000: 843 0 0
[Inbound]8545000: 843 0
[Outbound]8555000: 844 0 0
[Inbound]8555000: 844 0
[Outbound]8565000: 845 0 0
[Inbound]8565000: 845 0
[Outbound]8575000: 846 0 0
[Inbound]8575000: 846 0
[Outbound]8585000: 847 0 0
[Inbound]8585000: 847 0
[Outbound]8595000: 848 0 0
[Inbound]8595000: 848 0
[Outbound]8605000: 849 0 0
[Inbound]8605000: 849 0
[Outbound]8615000: 850 0 0
[Inbound]8615000: 850 0
[Outbound]8625000: 851 0 0
[Inbound]8625000: 851 0
[Outbound]8635000: 852 0 0
[Inbound]8635000: 852 0
[Outbound]8645000: 853 0 0
[Inbound]8645000: 853 0
[Outbound]8655000: 854 0 0
[Inbound]8655000: 854 0
[Outbound]8665000: 855 0 0
[Inbound]8665000: 855 0
[Outbound]8675000: 856 0 0
[Inbound]8675000: 856 0
[Outbound]8685000: 857 0 0
[Inbound]8685000: 857 0
[Outbound]8695000: 858 0 0
[Inbound]8695000: 858 0
[Outbound]8705000: 859 0 0
[Inbound]8705000: 859 0
[Outbound]8715000: 860 0 0
[Inbound]8715000: 860 0
[Outbound]8725000: 861 0 0
[Inbound]8725000: 861 0
[Outbound]8735000: 862 0 0
[Inbound]8735000: 862 0
[Outbound]8745000: 863 0 0
[Inbound]8745000: 863 0
[Outbound]8755000: 864 0 0
[Inbound]8755000: 864 0
[Outbound]8765000: 865 0 0
[Inbound]8765000: 865 0
[Outbound]8775000: 866 0 0
[Inbound]8775000: 866 0
[Outbound]8785000: 867 0 0
[Inbound]8785000: 867 0
[Outbound]8795000: 868 0 0
[Inbound]8795000: 868 0
[Outbound]8805000: 869 0 0
[Inbound]8805000: 869 0
[Outbound]8815000: 870 0 0
[Inbound]8815000: 870 0
[Outbound]8825000: 871 0 0
[Inbound]8825000: 871 0
[Outbound]8835000: 872 0 0
[Inbound]8835000: 872 0
[Outbound]8845000: 873 0 0
[Inbound]8845000: 873 0
[Outbound]8855000: 874 0 0
[Inbound]8855000: 874 0
[Outbound]8865000: 875 0 0
[Inbound]8865000: 875 0
[Outbound]8875000: 876 0 0
[Inbound]8875000: 876 0
[Outbound]8885000: 877 0 0
[Inbound]8885000: 877 0
[Outbound]8895000: 878 0 0
[Inbound]8895000: 878 0
[Outbound]8905000: 879 0 0
[Inbound]8905000: 879 0
[Outbound]8915000: 880 0 0
[Inbound]8915000: 880 0
[Outbound]8925000: 881 0 0
[Inbound]8925000: 881 0
[Outbound]8935000: 882 0 0
[Inbound]8935000: 882 0
[Outbound]8945000: 883 0 0
[Inbound]8945000: 883 0
[Outbound]8955000: 884 0 0
[Inbound]8955000: 884 0
[Outbound]8965000: 885 0 0
[Inbound]8965000: 885 0
[Outbound]8975000: 886 0 0
[Inbound]8975000: 886 0
[Outbound]8985000: 887 0 0
[Inbound]8985000: 887 0
[Outbound]8995000: 888 0 0
[Inbound]8995000: 888 0
[Outbound]9005000: 889 0 0
[Inbound]9005000: 889 0
[Outbound]9015000: 890 0 0
[Inbound]9015000: 890 0
[Outbound]9025000: 891 0 0
[Inbound]9025000: 891 0
[Outbound]9035000: 892 0 0
[Inbound]9035000: 892 0
[Outbound]9045000: 893 0 0
[Inbound]9045000: 893 0
[Outbound]9055000: 894 0 0
[Inbound]9055000: 894 0
[Outbound]9065000: 895 0 0
[Inbound]9065000: 895 0
[Outbound]9075000: 896 0 0
[Inbound]9075000: 896 0
[Outbound]9085000: 897 0 0
[Inbound]9085000: 897 0
[Outbound]9095000: 898 0 0
[Inbound]9095000: 898 0
[Outbound]9105000: 899 0 0
[Inbound]9105000: 899 0
[Outbound]9115000: 900 0 0
[Inbound]9115000: 900 0
[Outbound]9125000: 901 0 0
[Inbound]9125000: 901 0
[Outbound]9135000: 902 0 0
[Inbound]9135000: 902 0
[Outbound]9145000: 903 0 0
[Inbound]9145000: 903 0
[Outbound]9155000: 904 0 0
[Inbound]9155000: 904 0
[Outbound]9165000: 905 0 0
[Inbound]9165000: 905 0
[Outbound]9175000: 906 0 0
[Inbound]9175000: 906 0
[Outbound]9185000: 907 0 0
[Inbound]9185000: 907 0
[Outbound]9195000: 908 0 0
[Inbound]9195000: 908 0
[Outbound]9205000: 909 0 0
[Inbound]9205000: 909 0
[Outbound]9215000: 910 0 0
[Inbound]9215000: 910 0
[Outbound]9225000: 911 0 0
[Inbound]9225000: 911 0
[Outbound]9235000: 912 0 0
[Inbound]9235000: 912 0
[Outbound]9245000: 913 0 0
[Inbound]9245000: 913 0
[Outbound]9255000: 914 0 0
[Inbound]9255000: 914 0
[Outbound]9265000: 915 0 0
[Inbound]9265000: 915 0
[Outbound]9275000: 916 0 0
[Inbound]9275000: 916 0
[Outbound]9285000: 917 0 0
[Inbound]9285000: 917 0
[Outbound]9295000: 918 0 0
[Inbound]9295000: 918 0
[Outbound]9305000: 919 0 0
[Inbound]9305000: 919 0
[Outbound]9315000: 920 0 0
[Inbound]9315000: 920 0
[Outbound]9325000: 921 0 0
[Inbound]9325000: 921 0
[Outbound]9335000: 922 0 0
[Inbound]9335000: 922 0
[Outbound]9345000: 923 0 0
[Inbound]9345000: 923 0
[Outbound]9355000: 924 0 0
[Inbound]9355000: 924 0
[Outbound]9365000: 925 0 0
[Inbound]9365000: 925 0
[Outbound]9375000: 926 0 0
[Inbound]9375000: 926 0
[Outbound]9385000: 927 0 0
[Inbound]9385000: 927 0
[Outbound]9395000: 928 0 0
[Inbound]9395000: 928 0
[Outbound]9405000: 929 0 0
[Inbound]9405000: 929 0
[Outbound]9415000: 930 0 0
[Inbound]9415000: 930 0
[Outbound]9425000: 931 0 0
[Inbound]9425000: 931 0
[Outbound]9435000: 932 0 0
[Inbound]9435000: 932 0
[Outbound]9445000: 933 0 0
[Inbound]9445000: 933 0
[Outbound]9455000: 934 0 0
[Inbound]9455000: 934 0
[Outbound]9465000: 935 0 0
[Inbound]9465000: 935 0
[Outbound]9475000: 936 0 0
[Inbound]9475000: 936 0
[Outbound]9485000: 937 0 0
[Inbound]9485000: 937 0
[Outbound]9495000: 938 0 0
[Inbound]9495000: 938 0
[Outbound]9505000: 939 0 0
[Inbound]9505000: 939 0
[Outbound]9515000: 940 0 0
[Inbound]9515000: 940 0
[Outbound]9525000: 941 0 0
[Inbound]9525000: 941 0
[Outbound]9535000: 942 0 0
[Inbound]9535000: 942 0
[Outbound]9545000: 943 0 0
[Inbound]9545000: 943 0
[Outbound]9555000: 944 0 0
[Inbound]9555000: 944 0
[Outbound]9565000: 945 0 0
[Inbound]9565000: 945 0
[Outbound]9575000: 946 0 0
[Inbound]9575000: 946 0
[Outbound]9585000: 947 0 0
[Inbound]9585000: 947 0
[Outbound]9595000: 948 0 0
[Inbound]9595000: 948 0
[Outbound]9605000: 949 0 0
[Inbound]9605000: 949 0
[Outbound]9615000: 950 0 0
[Inbound]9615000: 950 0
[Outbound]9625000: 951 0 0
[Inbound]9625000: 951 0
[Outbound]9635000: 952 0 0
[Inbound]9635000: 952 0
[Outbound]9645000: 953 0 0
[Inbound]9645000: 953 0
[Outbound]9655000: 954 0 0
[Inbound]9655000: 954 0
[Outbound]9665000: 955 0 0
[Inbound]9665000: 955 0
[Outbound]9675000: 956 0 0
[Inbound]9675000: 956 0
[Outbound]9685000: 957 0 0
[Inbound]9685000: 957 0
[Outbound]9695000: 958 0 0
[Inbound]9695000: 958 0
[Outbound]9705000: 959 0 0
[Inbound]9705000: 959 0
[Outbound]9715000: 960 0 0
[Inbound]9715000: 960 0
[Outbound]9725000: 961 0 0
[Inbound]9725000: 961 0
[Outbound]9735000: 962 0 0
[Inbound]9735000: 962 0
[Outbound]9745000: 963 0 0
[Inbound]9745000: 963 0
[Outbound]9755000: 964 0 0
[Inbound]9755000: 964 0
[Outbound]9765000: 965 0 0
[Inbound]9765000: 965 0
[Outbound]9775000: 966 0 0
[Inbound]9775000: 966 0
[Outbound]9785000: 967 0 0
[Inbound]9785000: 967 0
[Outbound]9795000: 968 0 0
[Inbound]9795000: 968 0
[Outbound]9805000: 969 0 0
[Inbound]9805000: 969 0
[Outbound]9815000: 970 0 0
[Inbound]9815000: 970 0
[Outbound]9825000: 971 0 0
[Inbound]9825000: 971 0
[Outbound]9835000: 972 0 0
[Inbound]9835000: 972 0
[Outbound]9845000: 973 0 0
[Inbound]9845000: 973 0
[Outbound]9855000: 974 0 0
[Inbound]9855000: 974 0
[Outbound]9865000: 975 0 0
[Inbound]9865000: 975 0
[Outbound]9875000: 976 0 0
[Inbound]9875000: 976 0
[Outbound]9885000: 977 0 0
[Inbound]9885000: 977 0
[Outbound]9895000: 978 0 0
[Inbound]9895000: 978 0
[Outbound]9905000: 979 0 0
[Inbound]9905000: 979 0
[Outbound]9915000: 980 0 0
[Inbound]9915000: 980 0
[Outbound]9925000: 981 0 0
[Inbound]9925000: 981 0
[Outbound]9935000: 982 0 0
[Inbound]9935000: 982 0
[Outbound]9945000: 983 0 0
[Inbound]9945000: 983 0
[Outbound]9955000: 984 0 0
[Inbound]9955000: 984 0
[Outbound]9965000: 985 0 0
[Inbound]9965000: 985 0
[Outbound]9975000: 986 0 0
[Inbound]9975000: 986 0
[Outbound]9985000: 987 0 0
[Inbound]9985000: 987 0
[Outbound]9995000: 988 0 0
[Inbound]9995000: 988 0
[Outbound]10005000: 989 0 0
[Inbound]10005000: 989 0
[Outbound]10015000: 990 0 0
[Inbound]10015000: 990 0
[Outbound]10025000: 991 0 0
[Inbound]10025000: 991 0
[Outbound]10035000: 992 0 0
[Inbound]10035000: 992 0
[Outbound]10045000: 993 0 0
[Inbound]10045000: 993 0
[Outbound]10055000: 994 0 0
[Inbound]10055000: 994 0
[Outbound]10065000: 995 0 0
[Inbound]10065000: 995 0
[Outbound]10075000: 996 0 0
[Inbound]10075000: 996 0
[Outbound]10085000: 997 0 0
[Inbound]10085000: 997 0
[Outbound]10095000: 998 0 0
[Inbound]10095000: 998 0
[Outbound]10105000: 999 0 0
[Inbound]10105000: 999 0
[Outbound]10115000: 1000 0 0
[Inbound]10115000: 1000 0
[Outbound]10125000: 1001 0 0
[Inbound]10125000: 1001 0
[Outbound]10135000: 1002 0 0
[Inbound]10135000: 1002 0
[Outbound]10145000: 1003 0 0
[Inbound]10145000: 1003 0
[Outbound]10155000: 1004 0 0
[Inbound]10155000: 1004 0
[Outbound]10165000: 1005 0 0
[Inbound]10165000: 1005 0
[Outbound]10175000: 1006 0 0
[Inbound]10175000: 1006 0
[Outbound]10185000: 1007 0 0
[Inbound]10185000: 1007 0
[Outbound]10195000: 1008 0 0
[Inbound]10195000: 1008 0
[Outbound]10205000: 1009 0 0
[Inbound]10205000: 1009 0
[Outbound]10215000: 1010 0 0
[Inbound]10215000: 1010 0
[Outbound]10225000: 1011 0 0
[Inbound]10225000: 1011 0
[Outbound]10235000: 1012 0 0
[Inbound]10235000: 1012 0
[Outbound]10245000: 1013 0 0
[Inbound]10245000: 1013 0
[Outbound]10255000: 1014 0 0
[Inbound]10255000: 1014 0
[Outbound]10265000: 1015 0 0
[Inbound]10265000: 1015 0
[Outbound]10275000: 1016 0 0
[Inbound]10275000: 1016 0
[Outbound]10285000: 1017 0 0
[Inbound]10285000: 1017 0
[Outbound]10295000: 1018 0 0
[Inbound]10295000: 1018 0
[Outbound]10305000: 1019 0 0
[Inbound]10305000: 1019 0
[Outbound]10315000: 1020 0 0
[Inbound]10315000: 1020 0
[Outbound]10325000: 1021 0 0
[Inbound]10325000: 1021 0
[Outbound]10335000: 1022 0 0
[Inbound]10335000: 1022 0
[Outbound]10345000: 1023 0 0
[Inbound]10345000: 1023 0
[Time             10435000] NAT Table Initialized!
[Time             10435000] Requesting NAT mapping...
[Time             10515000] Data Detected! Captured: 0xe001
[Outbound]10545000: 377 8080 57345
[Inbound]10545000: 0 377
-------------------------------------------------------
 [SUCCESS] Test Passed! NAT Assigned Port: 0xe001
 Explanation: 0xE001 matches expected logic.
-------------------------------------------------------
$stop called at time : 10775 ns : File "C:/Users/Administrator/project_NAT/project_NAT.srcs/sim_1/new/tb_NAT_Mgr.v" Line 211
